TN:
SF:src/config/dbpool.js
FNF:0
FNH:0
DA:1,1
DA:2,1
DA:3,1
DA:4,1
DA:5,1
DA:6,1
DA:7,1
DA:8,1
DA:9,1
DA:10,1
DA:11,1
DA:12,1
DA:13,1
DA:14,1
DA:15,1
LF:15
LH:15
BRF:0
BRH:0
end_of_record
TN:
SF:src/controllers/user.controller.js
FN:2,asyncGeneratorStep
FN:2,_asyncToGenerator
FN:2,_next
FN:2,_throw
FN:2,getUser
FN:5,_getUser
FN:5,_callee
FN:5,_callee$
FN:34,addUser
FN:35,_addUser
FN:51,updateUser
FN:52,_updateUser
FN:69,deleteUser
FN:70,_deleteUser
FNF:14
FNH:8
FNDA:2,asyncGeneratorStep
FNDA:1,_asyncToGenerator
FNDA:1,_next
FNDA:1,_throw
FNDA:1,getUser
FNDA:1,_getUser
FNDA:1,_callee
FNDA:3,_callee$
FNDA:0,addUser
FNDA:0,_addUser
FNDA:0,updateUser
FNDA:0,_updateUser
FNDA:0,deleteUser
FNDA:0,_deleteUser
DA:1,1
DA:2,1
DA:3,1
DA:4,1
DA:5,1
DA:6,1
DA:7,1
DA:8,0
DA:9,0
DA:10,0
DA:11,0
DA:12,0
DA:13,0
DA:14,0
DA:15,0
DA:16,0
DA:17,0
DA:18,0
DA:19,0
DA:20,0
DA:21,0
DA:22,0
DA:23,0
DA:24,0
DA:25,0
DA:26,0
DA:27,0
DA:28,1
DA:29,1
DA:30,1
DA:31,1
DA:32,1
DA:33,1
DA:34,0
DA:35,1
DA:36,0
DA:37,0
DA:38,0
DA:39,0
DA:40,0
DA:41,0
DA:42,0
DA:43,0
DA:44,0
DA:45,0
DA:46,0
DA:47,0
DA:48,0
DA:49,0
DA:50,0
DA:51,0
DA:52,1
DA:53,0
DA:54,0
DA:55,0
DA:56,0
DA:57,0
DA:58,0
DA:59,0
DA:60,0
DA:61,0
DA:62,0
DA:63,0
DA:64,0
DA:65,0
DA:66,0
DA:67,0
DA:68,0
DA:69,0
DA:70,1
DA:71,0
DA:72,0
DA:73,0
DA:74,0
DA:75,0
DA:76,0
DA:77,0
DA:78,0
DA:79,0
DA:80,0
DA:81,0
DA:82,0
DA:83,0
DA:84,0
DA:85,0
LF:85
LH:16
BRDA:2,0,0,2
BRDA:2,1,0,1
BRDA:2,2,0,0
BRDA:2,3,0,1
BRDA:2,4,0,1
BRDA:2,5,0,1
BRDA:2,6,0,1
BRDA:2,7,0,1
BRDA:2,8,0,1
BRDA:2,9,0,1
BRDA:5,10,0,1
BRDA:5,11,0,1
BRDA:5,12,0,3
BRDA:5,13,0,1
BRDA:7,14,0,0
BRDA:23,15,0,0
BRDA:25,16,0,0
BRDA:28,17,0,1
BRDA:31,18,0,0
BRDA:31,19,0,1
BRF:20
BRH:15
end_of_record
TN:
SF:src/db/d_user.query.js
FN:4,getUser
FN:22,addUser
FN:29,updateUser
FN:37,deleteUser
FNF:4
FNH:0
FNDA:0,getUser
FNDA:0,addUser
FNDA:0,updateUser
FNDA:0,deleteUser
DA:1,1
DA:2,1
DA:3,1
DA:4,1
DA:5,0
DA:6,0
DA:7,0
DA:8,0
DA:9,0
DA:10,0
DA:11,0
DA:12,0
DA:13,0
DA:14,0
DA:15,0
DA:16,0
DA:17,0
DA:18,0
DA:19,0
DA:20,0
DA:21,1
DA:22,1
DA:23,0
DA:24,0
DA:25,0
DA:26,0
DA:27,0
DA:28,1
DA:29,1
DA:30,0
DA:31,0
DA:32,0
DA:33,0
DA:34,0
DA:35,0
DA:36,1
DA:37,1
DA:38,0
DA:39,0
DA:40,0
DA:41,0
DA:42,0
DA:43,0
LF:43
LH:10
BRF:0
BRH:0
end_of_record
TN:
SF:src/helpers/dbhelper.js
FN:2,_regeneratorRuntime
FN:3,getTransactionConn
FN:22,getConn
FN:34,commitTranAndRelConn
FN:49,rollbackAndThrowError
FN:50,_rollbackAndThrowError
FN:58,rollbackAndReleseConn
FN:59,_rollbackAndReleseConn
FN:68,performSqlOperation
FNF:9
FNH:1
FNDA:0,_regeneratorRuntime
FNDA:0,getTransactionConn
FNDA:1,getConn
FNDA:0,commitTranAndRelConn
FNDA:0,rollbackAndThrowError
FNDA:0,_rollbackAndThrowError
FNDA:0,rollbackAndReleseConn
FNDA:0,_rollbackAndReleseConn
FNDA:0,performSqlOperation
DA:1,1
DA:2,0
DA:3,1
DA:4,0
DA:5,0
DA:6,0
DA:7,0
DA:8,0
DA:9,0
DA:10,0
DA:11,0
DA:12,0
DA:13,0
DA:14,0
DA:15,0
DA:16,0
DA:17,0
DA:18,0
DA:19,0
DA:20,0
DA:21,1
DA:22,1
DA:23,1
DA:24,1
DA:25,1
DA:26,1
DA:27,1
DA:28,0
DA:29,0
DA:30,1
DA:31,1
DA:32,1
DA:33,1
DA:34,1
DA:35,0
DA:36,0
DA:37,0
DA:38,0
DA:39,0
DA:40,0
DA:41,0
DA:42,0
DA:43,0
DA:44,0
DA:45,0
DA:46,0
DA:47,0
DA:48,0
DA:49,0
DA:50,1
DA:51,0
DA:52,0
DA:53,0
DA:54,0
DA:55,0
DA:56,0
DA:57,0
DA:58,0
DA:59,1
DA:60,0
DA:61,0
DA:62,0
DA:63,0
DA:64,0
DA:65,0
DA:66,0
DA:67,1
DA:68,1
DA:69,0
DA:70,0
DA:71,0
DA:72,0
DA:73,0
DA:74,0
DA:75,0
DA:76,0
DA:77,0
DA:78,0
LF:78
LH:18
BRDA:22,0,0,1
BRDA:23,1,0,1
BRDA:24,2,0,1
BRDA:27,3,0,0
BRF:4
BRH:3
end_of_record
TN:
SF:src/helpers/logger.js
FNF:0
FNH:0
DA:1,1
DA:2,1
DA:3,1
DA:4,1
DA:5,1
DA:6,1
DA:7,1
DA:8,1
DA:9,1
DA:10,1
LF:10
LH:10
BRF:0
BRH:0
end_of_record
TN:
SF:src/helpers/response.helper.js
FN:8,ok
FN:11,created
FN:14,accepted
FN:17,bad_request
FN:20,unauthorised
FN:23,not_found
FN:26,server_error
FN:44,_formatResponse
FNF:8
FNH:1
FNDA:0,ok
FNDA:0,created
FNDA:0,accepted
FNDA:0,bad_request
FNDA:0,unauthorised
FNDA:0,not_found
FNDA:1,server_error
FNDA:0,_formatResponse
DA:1,1
DA:2,1
DA:3,1
DA:4,1
DA:5,1
DA:6,1
DA:7,1
DA:8,1
DA:9,0
DA:10,1
DA:11,1
DA:12,0
DA:13,1
DA:14,1
DA:15,0
DA:16,1
DA:17,1
DA:18,0
DA:19,1
DA:20,1
DA:21,0
DA:22,1
DA:23,1
DA:24,0
DA:25,1
DA:26,1
DA:27,1
DA:28,1
DA:29,0
DA:30,0
DA:31,1
DA:32,1
DA:33,1
DA:34,1
DA:35,1
DA:36,1
DA:37,0
DA:38,0
DA:39,0
DA:40,1
DA:41,1
DA:42,1
DA:43,1
DA:44,1
DA:45,0
DA:46,0
DA:47,0
DA:48,0
DA:49,0
DA:50,0
DA:51,0
DA:52,0
DA:53,0
DA:54,0
DA:55,0
DA:56,0
DA:57,0
DA:58,0
DA:59,0
DA:60,0
DA:61,0
DA:62,0
DA:63,0
DA:64,0
DA:65,0
DA:66,0
DA:67,0
DA:68,1
DA:69,1
LF:69
LH:35
BRDA:26,0,0,1
BRDA:26,1,0,0
BRDA:26,2,0,0
BRDA:26,3,0,0
BRDA:28,4,0,0
BRDA:37,5,0,0
BRF:6
BRH:1
end_of_record
